<?xml version="1.0" encoding="UTF-8"?>
<!-- Generated by org.testng.reporters.JUnitReportReporter -->
<testsuite hostname="LAPTOP-MDDC7LI2" failures="0" tests="1" name="com.qa.openCart.base.baseTest" time="5.094" errors="0" timestamp="2023-08-15T12:03:52 IST" skipped="0">
  <testcase classname="com.qa.openCart.base.baseTest" name="launchUrl" time="5.094"/>
  <system-out/>
</testsuite> <!-- com.qa.openCart.base.baseTest -->
